2023/07/18 15:19:19 [notice] 1#1: using the "epoll" event method
2023/07/18 15:19:19 [notice] 1#1: nginx/1.24.0
2023/07/18 15:19:19 [notice] 1#1: built by gcc 12.2.1 20220924 (Alpine 12.2.1_git20220924-r4) 
2023/07/18 15:19:19 [notice] 1#1: OS: Linux 5.15.0-76-generic
2023/07/18 15:19:19 [notice] 1#1: getrlimit(RLIMIT_NOFILE): 1048576:1048576
2023/07/18 15:19:19 [notice] 1#1: start worker processes
2023/07/18 15:19:19 [notice] 1#1: start worker process 29
2023/07/18 15:19:19 [notice] 1#1: start worker process 30
2023/07/18 15:23:02 [notice] 1#1: signal 3 (SIGQUIT) received, shutting down
2023/07/18 15:23:02 [notice] 29#29: gracefully shutting down
2023/07/18 15:23:02 [notice] 30#30: gracefully shutting down
2023/07/18 15:23:02 [notice] 29#29: exiting
2023/07/18 15:23:02 [notice] 30#30: exiting
2023/07/18 15:23:02 [notice] 29#29: exit
2023/07/18 15:23:02 [notice] 30#30: exit
2023/07/18 15:23:02 [notice] 1#1: signal 17 (SIGCHLD) received from 29
2023/07/18 15:23:02 [notice] 1#1: worker process 29 exited with code 0
2023/07/18 15:23:02 [notice] 1#1: signal 29 (SIGIO) received
2023/07/18 15:23:02 [notice] 1#1: signal 17 (SIGCHLD) received from 30
2023/07/18 15:23:02 [notice] 1#1: worker process 30 exited with code 0
2023/07/18 15:23:02 [notice] 1#1: exit
2023/07/18 15:23:15 [notice] 1#1: using the "epoll" event method
2023/07/18 15:23:15 [notice] 1#1: nginx/1.24.0
2023/07/18 15:23:15 [notice] 1#1: built by gcc 12.2.1 20220924 (Alpine 12.2.1_git20220924-r4) 
2023/07/18 15:23:15 [notice] 1#1: OS: Linux 5.15.0-76-generic
2023/07/18 15:23:15 [notice] 1#1: getrlimit(RLIMIT_NOFILE): 1048576:1048576
2023/07/18 15:23:15 [notice] 1#1: start worker processes
2023/07/18 15:23:15 [notice] 1#1: start worker process 30
2023/07/18 15:23:15 [notice] 1#1: start worker process 31
2023/07/18 15:25:34 [notice] 1#1: signal 3 (SIGQUIT) received, shutting down
2023/07/18 15:25:34 [notice] 30#30: gracefully shutting down
2023/07/18 15:25:34 [notice] 31#31: gracefully shutting down
2023/07/18 15:25:34 [notice] 30#30: exiting
2023/07/18 15:25:34 [notice] 30#30: exit
2023/07/18 15:25:35 [notice] 1#1: signal 17 (SIGCHLD) received from 30
2023/07/18 15:25:35 [notice] 1#1: worker process 30 exited with code 0
2023/07/18 15:25:35 [notice] 1#1: signal 29 (SIGIO) received
2023/07/18 15:25:49 [notice] 1#1: using the "epoll" event method
2023/07/18 15:25:49 [notice] 1#1: nginx/1.24.0
2023/07/18 15:25:49 [notice] 1#1: built by gcc 12.2.1 20220924 (Alpine 12.2.1_git20220924-r4) 
2023/07/18 15:25:49 [notice] 1#1: OS: Linux 5.15.0-76-generic
2023/07/18 15:25:49 [notice] 1#1: getrlimit(RLIMIT_NOFILE): 1048576:1048576
2023/07/18 15:25:49 [notice] 1#1: start worker processes
2023/07/18 15:25:49 [notice] 1#1: start worker process 29
2023/07/18 15:25:49 [notice] 1#1: start worker process 30
2023/07/18 15:28:05 [notice] 1#1: signal 3 (SIGQUIT) received, shutting down
2023/07/18 15:28:05 [notice] 29#29: gracefully shutting down
2023/07/18 15:28:05 [notice] 30#30: gracefully shutting down
2023/07/18 15:28:05 [notice] 29#29: exiting
2023/07/18 15:28:05 [notice] 30#30: exiting
2023/07/18 15:28:05 [notice] 30#30: exit
2023/07/18 15:28:05 [notice] 29#29: exit
2023/07/18 15:28:05 [notice] 1#1: signal 17 (SIGCHLD) received from 29
2023/07/18 15:28:05 [notice] 1#1: worker process 29 exited with code 0
2023/07/18 15:28:05 [notice] 1#1: signal 29 (SIGIO) received
2023/07/18 15:28:05 [notice] 1#1: signal 17 (SIGCHLD) received from 30
2023/07/18 15:28:05 [notice] 1#1: worker process 30 exited with code 0
2023/07/18 15:28:05 [notice] 1#1: exit
2023/07/18 15:28:19 [notice] 1#1: using the "epoll" event method
2023/07/18 15:28:19 [notice] 1#1: nginx/1.24.0
2023/07/18 15:28:19 [notice] 1#1: built by gcc 12.2.1 20220924 (Alpine 12.2.1_git20220924-r4) 
2023/07/18 15:28:19 [notice] 1#1: OS: Linux 5.15.0-76-generic
2023/07/18 15:28:19 [notice] 1#1: getrlimit(RLIMIT_NOFILE): 1048576:1048576
2023/07/18 15:28:19 [notice] 1#1: start worker processes
2023/07/18 15:28:19 [notice] 1#1: start worker process 30
2023/07/18 15:28:19 [notice] 1#1: start worker process 31
2023/07/18 15:31:55 [notice] 1#1: signal 3 (SIGQUIT) received, shutting down
2023/07/18 15:31:55 [notice] 31#31: gracefully shutting down
2023/07/18 15:31:55 [notice] 30#30: gracefully shutting down
2023/07/18 15:31:55 [notice] 31#31: exiting
2023/07/18 15:31:55 [notice] 30#30: exiting
2023/07/18 15:31:55 [notice] 31#31: exit
2023/07/18 15:31:55 [notice] 30#30: exit
2023/07/18 15:31:55 [notice] 1#1: signal 17 (SIGCHLD) received from 30
2023/07/18 15:31:55 [notice] 1#1: worker process 30 exited with code 0
2023/07/18 15:31:55 [notice] 1#1: worker process 31 exited with code 0
2023/07/18 15:31:55 [notice] 1#1: exit
2023/07/18 15:33:50 [notice] 1#1: using the "epoll" event method
2023/07/18 15:33:50 [notice] 1#1: nginx/1.24.0
2023/07/18 15:33:50 [notice] 1#1: built by gcc 12.2.1 20220924 (Alpine 12.2.1_git20220924-r4) 
2023/07/18 15:33:50 [notice] 1#1: OS: Linux 5.15.0-76-generic
2023/07/18 15:33:50 [notice] 1#1: getrlimit(RLIMIT_NOFILE): 1048576:1048576
2023/07/18 15:33:50 [notice] 1#1: start worker processes
2023/07/18 15:33:50 [notice] 1#1: start worker process 29
2023/07/18 15:33:50 [notice] 1#1: start worker process 30
2023/07/18 15:36:37 [notice] 1#1: signal 3 (SIGQUIT) received, shutting down
2023/07/18 15:36:37 [notice] 29#29: gracefully shutting down
2023/07/18 15:36:37 [notice] 29#29: exiting
2023/07/18 15:36:37 [notice] 29#29: exit
2023/07/18 15:36:37 [notice] 30#30: gracefully shutting down
2023/07/18 15:36:37 [notice] 30#30: exiting
2023/07/18 15:36:37 [notice] 30#30: exit
2023/07/18 15:36:37 [notice] 1#1: signal 17 (SIGCHLD) received from 29
2023/07/18 15:36:37 [notice] 1#1: worker process 29 exited with code 0
2023/07/18 15:36:37 [notice] 1#1: signal 29 (SIGIO) received
2023/07/18 15:36:37 [notice] 1#1: signal 17 (SIGCHLD) received from 30
2023/07/18 15:36:37 [notice] 1#1: worker process 30 exited with code 0
2023/07/18 15:36:37 [notice] 1#1: exit
2023/07/18 15:36:51 [notice] 1#1: using the "epoll" event method
2023/07/18 15:36:51 [notice] 1#1: nginx/1.24.0
2023/07/18 15:36:51 [notice] 1#1: built by gcc 12.2.1 20220924 (Alpine 12.2.1_git20220924-r4) 
2023/07/18 15:36:51 [notice] 1#1: OS: Linux 5.15.0-76-generic
2023/07/18 15:36:51 [notice] 1#1: getrlimit(RLIMIT_NOFILE): 1048576:1048576
2023/07/18 15:36:51 [notice] 1#1: start worker processes
2023/07/18 15:36:51 [notice] 1#1: start worker process 29
2023/07/18 15:36:51 [notice] 1#1: start worker process 30
2023/07/18 15:37:22 [notice] 1#1: signal 3 (SIGQUIT) received, shutting down
2023/07/18 15:37:22 [notice] 29#29: gracefully shutting down
2023/07/18 15:37:22 [notice] 30#30: gracefully shutting down
2023/07/18 15:37:22 [notice] 29#29: exiting
2023/07/18 15:37:22 [notice] 30#30: exiting
2023/07/18 15:37:22 [notice] 29#29: exit
2023/07/18 15:37:22 [notice] 30#30: exit
2023/07/18 15:37:22 [notice] 1#1: signal 17 (SIGCHLD) received from 30
2023/07/18 15:37:22 [notice] 1#1: worker process 30 exited with code 0
2023/07/18 15:37:22 [notice] 1#1: signal 29 (SIGIO) received
2023/07/18 15:37:22 [notice] 1#1: signal 17 (SIGCHLD) received from 29
2023/07/18 15:37:22 [notice] 1#1: worker process 29 exited with code 0
2023/07/18 15:37:22 [notice] 1#1: exit
2023/07/18 15:37:30 [notice] 1#1: using the "epoll" event method
2023/07/18 15:37:30 [notice] 1#1: nginx/1.24.0
2023/07/18 15:37:30 [notice] 1#1: built by gcc 12.2.1 20220924 (Alpine 12.2.1_git20220924-r4) 
2023/07/18 15:37:30 [notice] 1#1: OS: Linux 5.15.0-76-generic
2023/07/18 15:37:30 [notice] 1#1: getrlimit(RLIMIT_NOFILE): 1048576:1048576
2023/07/18 15:37:30 [notice] 1#1: start worker processes
2023/07/18 15:37:30 [notice] 1#1: start worker process 29
2023/07/18 15:37:30 [notice] 1#1: start worker process 30
2023/07/18 15:39:18 [notice] 1#1: signal 3 (SIGQUIT) received, shutting down
2023/07/18 15:39:18 [notice] 30#30: gracefully shutting down
2023/07/18 15:39:18 [notice] 30#30: exiting
2023/07/18 15:39:18 [notice] 30#30: exit
2023/07/18 15:39:18 [notice] 29#29: gracefully shutting down
2023/07/18 15:39:18 [notice] 29#29: exiting
2023/07/18 15:39:18 [notice] 29#29: exit
2023/07/18 15:39:18 [notice] 1#1: signal 17 (SIGCHLD) received from 29
2023/07/18 15:39:18 [notice] 1#1: worker process 29 exited with code 0
2023/07/18 15:39:18 [notice] 1#1: worker process 30 exited with code 0
2023/07/18 15:39:18 [notice] 1#1: exit
2023/07/18 15:39:38 [notice] 1#1: using the "epoll" event method
2023/07/18 15:39:38 [notice] 1#1: nginx/1.24.0
2023/07/18 15:39:38 [notice] 1#1: built by gcc 12.2.1 20220924 (Alpine 12.2.1_git20220924-r4) 
2023/07/18 15:39:38 [notice] 1#1: OS: Linux 5.15.0-76-generic
2023/07/18 15:39:38 [notice] 1#1: getrlimit(RLIMIT_NOFILE): 1048576:1048576
2023/07/18 15:39:38 [notice] 1#1: start worker processes
2023/07/18 15:39:38 [notice] 1#1: start worker process 28
2023/07/18 15:39:38 [notice] 1#1: start worker process 29
2023/07/18 15:41:44 [notice] 1#1: signal 3 (SIGQUIT) received, shutting down
2023/07/18 15:41:44 [notice] 28#28: gracefully shutting down
2023/07/18 15:41:44 [notice] 29#29: gracefully shutting down
2023/07/18 15:41:44 [notice] 28#28: exiting
2023/07/18 15:41:44 [notice] 29#29: exiting
2023/07/18 15:41:44 [notice] 29#29: exit
2023/07/18 15:41:44 [notice] 28#28: exit
2023/07/18 15:41:44 [notice] 1#1: signal 17 (SIGCHLD) received from 28
2023/07/18 15:41:44 [notice] 1#1: worker process 28 exited with code 0
2023/07/18 15:41:44 [notice] 1#1: worker process 29 exited with code 0
2023/07/18 15:41:44 [notice] 1#1: exit
2023/07/18 15:41:48 [notice] 1#1: using the "epoll" event method
2023/07/18 15:41:48 [notice] 1#1: nginx/1.24.0
2023/07/18 15:41:48 [notice] 1#1: built by gcc 12.2.1 20220924 (Alpine 12.2.1_git20220924-r4) 
2023/07/18 15:41:48 [notice] 1#1: OS: Linux 5.15.0-76-generic
2023/07/18 15:41:48 [notice] 1#1: getrlimit(RLIMIT_NOFILE): 1048576:1048576
2023/07/18 15:41:48 [notice] 1#1: start worker processes
2023/07/18 15:41:48 [notice] 1#1: start worker process 29
2023/07/18 15:41:48 [notice] 1#1: start worker process 30
2023/07/18 15:46:59 [notice] 1#1: signal 3 (SIGQUIT) received, shutting down
2023/07/18 15:46:59 [notice] 29#29: gracefully shutting down
2023/07/18 15:46:59 [notice] 29#29: exiting
2023/07/18 15:46:59 [notice] 30#30: gracefully shutting down
2023/07/18 15:46:59 [notice] 30#30: exiting
2023/07/18 15:46:59 [notice] 30#30: exit
2023/07/18 15:46:59 [notice] 29#29: exit
2023/07/18 15:46:59 [notice] 1#1: signal 17 (SIGCHLD) received from 29
2023/07/18 15:46:59 [notice] 1#1: worker process 29 exited with code 0
2023/07/18 15:46:59 [notice] 1#1: worker process 30 exited with code 0
2023/07/18 15:46:59 [notice] 1#1: exit
2023/07/18 15:47:04 [notice] 1#1: using the "epoll" event method
2023/07/18 15:47:04 [notice] 1#1: nginx/1.24.0
2023/07/18 15:47:04 [notice] 1#1: built by gcc 12.2.1 20220924 (Alpine 12.2.1_git20220924-r4) 
2023/07/18 15:47:04 [notice] 1#1: OS: Linux 5.15.0-76-generic
2023/07/18 15:47:04 [notice] 1#1: getrlimit(RLIMIT_NOFILE): 1048576:1048576
2023/07/18 15:47:04 [notice] 1#1: start worker processes
2023/07/18 15:47:04 [notice] 1#1: start worker process 28
2023/07/18 15:47:04 [notice] 1#1: start worker process 29
2023/07/18 15:47:49 [notice] 1#1: signal 3 (SIGQUIT) received, shutting down
2023/07/18 15:47:49 [notice] 28#28: gracefully shutting down
2023/07/18 15:47:49 [notice] 29#29: gracefully shutting down
2023/07/18 15:47:49 [notice] 28#28: exiting
2023/07/18 15:47:49 [notice] 29#29: exiting
2023/07/18 15:47:49 [notice] 29#29: exit
2023/07/18 15:47:49 [notice] 28#28: exit
2023/07/18 15:47:49 [notice] 1#1: signal 17 (SIGCHLD) received from 28
2023/07/18 15:47:49 [notice] 1#1: worker process 28 exited with code 0
2023/07/18 15:47:49 [notice] 1#1: worker process 29 exited with code 0
2023/07/18 15:47:49 [notice] 1#1: exit
2023/07/18 15:47:52 [notice] 1#1: using the "epoll" event method
2023/07/18 15:47:52 [notice] 1#1: nginx/1.24.0
2023/07/18 15:47:52 [notice] 1#1: built by gcc 12.2.1 20220924 (Alpine 12.2.1_git20220924-r4) 
2023/07/18 15:47:52 [notice] 1#1: OS: Linux 5.15.0-76-generic
2023/07/18 15:47:52 [notice] 1#1: getrlimit(RLIMIT_NOFILE): 1048576:1048576
2023/07/18 15:47:52 [notice] 1#1: start worker processes
2023/07/18 15:47:52 [notice] 1#1: start worker process 28
2023/07/18 15:47:52 [notice] 1#1: start worker process 29
2023/07/18 15:48:38 [notice] 1#1: signal 3 (SIGQUIT) received, shutting down
2023/07/18 15:48:38 [notice] 29#29: gracefully shutting down
2023/07/18 15:48:38 [notice] 29#29: exiting
2023/07/18 15:48:38 [notice] 28#28: gracefully shutting down
2023/07/18 15:48:38 [notice] 29#29: exit
2023/07/18 15:48:38 [notice] 28#28: exiting
2023/07/18 15:48:38 [notice] 28#28: exit
2023/07/18 15:48:38 [notice] 1#1: signal 17 (SIGCHLD) received from 28
2023/07/18 15:48:38 [notice] 1#1: worker process 28 exited with code 0
2023/07/18 15:48:38 [notice] 1#1: worker process 29 exited with code 0
2023/07/18 15:48:38 [notice] 1#1: exit
2023/07/18 15:48:39 [notice] 1#1: using the "epoll" event method
2023/07/18 15:48:39 [notice] 1#1: nginx/1.24.0
2023/07/18 15:48:39 [notice] 1#1: built by gcc 12.2.1 20220924 (Alpine 12.2.1_git20220924-r4) 
2023/07/18 15:48:39 [notice] 1#1: OS: Linux 5.15.0-76-generic
2023/07/18 15:48:39 [notice] 1#1: getrlimit(RLIMIT_NOFILE): 1048576:1048576
2023/07/18 15:48:39 [notice] 1#1: start worker processes
2023/07/18 15:48:39 [notice] 1#1: start worker process 28
2023/07/18 15:48:39 [notice] 1#1: start worker process 29
2023/07/18 15:49:03 [notice] 1#1: signal 3 (SIGQUIT) received, shutting down
2023/07/18 15:49:03 [notice] 28#28: gracefully shutting down
2023/07/18 15:49:03 [notice] 29#29: gracefully shutting down
2023/07/18 15:49:03 [notice] 28#28: exiting
2023/07/18 15:49:03 [notice] 29#29: exiting
2023/07/18 15:49:03 [notice] 28#28: exit
2023/07/18 15:49:03 [notice] 29#29: exit
2023/07/18 15:49:03 [notice] 1#1: signal 17 (SIGCHLD) received from 28
2023/07/18 15:49:03 [notice] 1#1: worker process 28 exited with code 0
2023/07/18 15:49:03 [notice] 1#1: worker process 29 exited with code 0
2023/07/18 15:49:03 [notice] 1#1: exit
2023/07/18 15:49:04 [notice] 1#1: using the "epoll" event method
2023/07/18 15:49:04 [notice] 1#1: nginx/1.24.0
2023/07/18 15:49:04 [notice] 1#1: built by gcc 12.2.1 20220924 (Alpine 12.2.1_git20220924-r4) 
2023/07/18 15:49:04 [notice] 1#1: OS: Linux 5.15.0-76-generic
2023/07/18 15:49:04 [notice] 1#1: getrlimit(RLIMIT_NOFILE): 1048576:1048576
2023/07/18 15:49:04 [notice] 1#1: start worker processes
2023/07/18 15:49:04 [notice] 1#1: start worker process 30
2023/07/18 15:49:04 [notice] 1#1: start worker process 31
2023/07/18 15:49:13 [notice] 1#1: signal 3 (SIGQUIT) received, shutting down
2023/07/18 15:49:13 [notice] 30#30: gracefully shutting down
2023/07/18 15:49:13 [notice] 31#31: gracefully shutting down
2023/07/18 15:49:13 [notice] 30#30: exiting
2023/07/18 15:49:13 [notice] 31#31: exiting
2023/07/18 15:49:13 [notice] 31#31: exit
2023/07/18 15:49:13 [notice] 30#30: exit
2023/07/18 15:49:13 [notice] 1#1: signal 17 (SIGCHLD) received from 30
2023/07/18 15:49:13 [notice] 1#1: worker process 30 exited with code 0
2023/07/18 15:49:13 [notice] 1#1: signal 29 (SIGIO) received
2023/07/18 15:49:13 [notice] 1#1: signal 17 (SIGCHLD) received from 31
2023/07/18 15:49:13 [notice] 1#1: worker process 31 exited with code 0
2023/07/18 15:49:13 [notice] 1#1: exit
2023/07/18 15:49:14 [notice] 1#1: using the "epoll" event method
2023/07/18 15:49:14 [notice] 1#1: nginx/1.24.0
2023/07/18 15:49:14 [notice] 1#1: built by gcc 12.2.1 20220924 (Alpine 12.2.1_git20220924-r4) 
2023/07/18 15:49:14 [notice] 1#1: OS: Linux 5.15.0-76-generic
2023/07/18 15:49:14 [notice] 1#1: getrlimit(RLIMIT_NOFILE): 1048576:1048576
2023/07/18 15:49:14 [notice] 1#1: start worker processes
2023/07/18 15:49:14 [notice] 1#1: start worker process 29
2023/07/18 15:49:14 [notice] 1#1: start worker process 30
2023/07/18 15:49:59 [notice] 1#1: signal 3 (SIGQUIT) received, shutting down
2023/07/18 15:49:59 [notice] 29#29: gracefully shutting down
2023/07/18 15:49:59 [notice] 30#30: gracefully shutting down
2023/07/18 15:49:59 [notice] 29#29: exiting
2023/07/18 15:49:59 [notice] 30#30: exiting
2023/07/18 15:49:59 [notice] 29#29: exit
2023/07/18 15:49:59 [notice] 30#30: exit
2023/07/18 15:49:59 [notice] 1#1: signal 17 (SIGCHLD) received from 29
2023/07/18 15:49:59 [notice] 1#1: worker process 29 exited with code 0
2023/07/18 15:49:59 [notice] 1#1: worker process 30 exited with code 0
2023/07/18 15:49:59 [notice] 1#1: exit
2023/07/18 15:49:59 [notice] 1#1: using the "epoll" event method
2023/07/18 15:49:59 [notice] 1#1: nginx/1.24.0
2023/07/18 15:49:59 [notice] 1#1: built by gcc 12.2.1 20220924 (Alpine 12.2.1_git20220924-r4) 
2023/07/18 15:49:59 [notice] 1#1: OS: Linux 5.15.0-76-generic
2023/07/18 15:49:59 [notice] 1#1: getrlimit(RLIMIT_NOFILE): 1048576:1048576
2023/07/18 15:49:59 [notice] 1#1: start worker processes
2023/07/18 15:49:59 [notice] 1#1: start worker process 29
2023/07/18 15:49:59 [notice] 1#1: start worker process 30
2023/07/18 15:50:21 [notice] 1#1: signal 3 (SIGQUIT) received, shutting down
2023/07/18 15:50:21 [notice] 29#29: gracefully shutting down
2023/07/18 15:50:21 [notice] 30#30: gracefully shutting down
2023/07/18 15:50:21 [notice] 29#29: exiting
2023/07/18 15:50:21 [notice] 30#30: exiting
2023/07/18 15:50:21 [notice] 30#30: exit
2023/07/18 15:50:21 [notice] 29#29: exit
2023/07/18 15:50:21 [notice] 1#1: signal 17 (SIGCHLD) received from 30
2023/07/18 15:50:21 [notice] 1#1: worker process 29 exited with code 0
2023/07/18 15:50:21 [notice] 1#1: worker process 30 exited with code 0
2023/07/18 15:50:21 [notice] 1#1: exit
2023/07/18 15:50:24 [notice] 1#1: using the "epoll" event method
2023/07/18 15:50:24 [notice] 1#1: nginx/1.24.0
2023/07/18 15:50:24 [notice] 1#1: built by gcc 12.2.1 20220924 (Alpine 12.2.1_git20220924-r4) 
2023/07/18 15:50:24 [notice] 1#1: OS: Linux 5.15.0-76-generic
2023/07/18 15:50:24 [notice] 1#1: getrlimit(RLIMIT_NOFILE): 1048576:1048576
2023/07/18 15:50:24 [notice] 1#1: start worker processes
2023/07/18 15:50:24 [notice] 1#1: start worker process 30
2023/07/18 15:50:24 [notice] 1#1: start worker process 31
2023/07/18 15:50:39 [notice] 1#1: signal 3 (SIGQUIT) received, shutting down
2023/07/18 15:50:39 [notice] 30#30: gracefully shutting down
2023/07/18 15:50:39 [notice] 31#31: gracefully shutting down
2023/07/18 15:50:39 [notice] 30#30: exiting
2023/07/18 15:50:39 [notice] 31#31: exiting
2023/07/18 15:50:39 [notice] 31#31: exit
2023/07/18 15:50:39 [notice] 30#30: exit
2023/07/18 15:50:39 [notice] 1#1: signal 17 (SIGCHLD) received from 31
2023/07/18 15:50:39 [notice] 1#1: worker process 31 exited with code 0
2023/07/18 15:50:39 [notice] 1#1: signal 29 (SIGIO) received
2023/07/18 15:50:39 [notice] 1#1: signal 17 (SIGCHLD) received from 30
2023/07/18 15:50:39 [notice] 1#1: worker process 30 exited with code 0
2023/07/18 15:50:39 [notice] 1#1: exit
2023/07/18 15:50:44 [notice] 1#1: using the "epoll" event method
2023/07/18 15:50:44 [notice] 1#1: nginx/1.24.0
2023/07/18 15:50:44 [notice] 1#1: built by gcc 12.2.1 20220924 (Alpine 12.2.1_git20220924-r4) 
2023/07/18 15:50:44 [notice] 1#1: OS: Linux 5.15.0-76-generic
2023/07/18 15:50:44 [notice] 1#1: getrlimit(RLIMIT_NOFILE): 1048576:1048576
2023/07/18 15:50:44 [notice] 1#1: start worker processes
2023/07/18 15:50:44 [notice] 1#1: start worker process 29
2023/07/18 15:50:44 [notice] 1#1: start worker process 30
2023/07/18 15:51:23 [notice] 1#1: signal 3 (SIGQUIT) received, shutting down
2023/07/18 15:51:23 [notice] 29#29: gracefully shutting down
2023/07/18 15:51:23 [notice] 30#30: gracefully shutting down
2023/07/18 15:51:23 [notice] 29#29: exiting
2023/07/18 15:51:23 [notice] 30#30: exiting
2023/07/18 15:51:23 [notice] 30#30: exit
2023/07/18 15:51:23 [notice] 29#29: exit
2023/07/18 15:51:23 [notice] 1#1: signal 17 (SIGCHLD) received from 29
2023/07/18 15:51:23 [notice] 1#1: worker process 29 exited with code 0
2023/07/18 15:51:23 [notice] 1#1: signal 29 (SIGIO) received
2023/07/18 15:51:23 [notice] 1#1: signal 17 (SIGCHLD) received from 30
2023/07/18 15:51:23 [notice] 1#1: worker process 30 exited with code 0
2023/07/18 15:51:23 [notice] 1#1: exit
2023/07/18 15:51:25 [notice] 1#1: using the "epoll" event method
2023/07/18 15:51:25 [notice] 1#1: nginx/1.24.0
2023/07/18 15:51:25 [notice] 1#1: built by gcc 12.2.1 20220924 (Alpine 12.2.1_git20220924-r4) 
2023/07/18 15:51:25 [notice] 1#1: OS: Linux 5.15.0-76-generic
2023/07/18 15:51:25 [notice] 1#1: getrlimit(RLIMIT_NOFILE): 1048576:1048576
2023/07/18 15:51:25 [notice] 1#1: start worker processes
2023/07/18 15:51:25 [notice] 1#1: start worker process 28
2023/07/18 15:51:25 [notice] 1#1: start worker process 29
2023/07/18 15:51:37 [notice] 1#1: signal 3 (SIGQUIT) received, shutting down
2023/07/18 15:51:37 [notice] 28#28: gracefully shutting down
2023/07/18 15:51:37 [notice] 29#29: gracefully shutting down
2023/07/18 15:51:37 [notice] 28#28: exiting
2023/07/18 15:51:37 [notice] 29#29: exiting
2023/07/18 15:51:37 [notice] 28#28: exit
2023/07/18 15:51:37 [notice] 29#29: exit
2023/07/18 15:51:37 [notice] 1#1: signal 17 (SIGCHLD) received from 29
2023/07/18 15:51:37 [notice] 1#1: worker process 29 exited with code 0
2023/07/18 15:51:37 [notice] 1#1: signal 29 (SIGIO) received
2023/07/18 15:51:37 [notice] 1#1: signal 17 (SIGCHLD) received from 28
2023/07/18 15:51:37 [notice] 1#1: worker process 28 exited with code 0
2023/07/18 15:51:37 [notice] 1#1: exit
2023/07/18 15:51:40 [notice] 1#1: using the "epoll" event method
2023/07/18 15:51:40 [notice] 1#1: nginx/1.24.0
2023/07/18 15:51:40 [notice] 1#1: built by gcc 12.2.1 20220924 (Alpine 12.2.1_git20220924-r4) 
2023/07/18 15:51:40 [notice] 1#1: OS: Linux 5.15.0-76-generic
2023/07/18 15:51:40 [notice] 1#1: getrlimit(RLIMIT_NOFILE): 1048576:1048576
2023/07/18 15:51:40 [notice] 1#1: start worker processes
2023/07/18 15:51:40 [notice] 1#1: start worker process 29
2023/07/18 15:51:40 [notice] 1#1: start worker process 30
2023/07/18 15:53:13 [notice] 1#1: signal 3 (SIGQUIT) received, shutting down
2023/07/18 15:53:13 [notice] 30#30: gracefully shutting down
2023/07/18 15:53:13 [notice] 30#30: exiting
2023/07/18 15:53:13 [notice] 30#30: exit
2023/07/18 15:53:13 [notice] 29#29: gracefully shutting down
2023/07/18 15:53:13 [notice] 1#1: signal 17 (SIGCHLD) received from 30
2023/07/18 15:53:13 [notice] 1#1: worker process 30 exited with code 0
2023/07/18 15:53:13 [notice] 1#1: signal 29 (SIGIO) received
2023/07/18 15:53:14 [notice] 29#29: exiting
2023/07/18 15:53:14 [notice] 29#29: exit
2023/07/18 15:53:14 [notice] 1#1: signal 17 (SIGCHLD) received from 29
2023/07/18 15:53:14 [notice] 1#1: worker process 29 exited with code 0
2023/07/18 15:53:14 [notice] 1#1: exit
2023/07/18 15:53:17 [notice] 1#1: using the "epoll" event method
2023/07/18 15:53:17 [notice] 1#1: nginx/1.24.0
2023/07/18 15:53:17 [notice] 1#1: built by gcc 12.2.1 20220924 (Alpine 12.2.1_git20220924-r4) 
2023/07/18 15:53:17 [notice] 1#1: OS: Linux 5.15.0-76-generic
2023/07/18 15:53:17 [notice] 1#1: getrlimit(RLIMIT_NOFILE): 1048576:1048576
2023/07/18 15:53:17 [notice] 1#1: start worker processes
2023/07/18 15:53:17 [notice] 1#1: start worker process 30
2023/07/18 15:53:17 [notice] 1#1: start worker process 31
2023/07/18 15:53:38 [notice] 1#1: signal 3 (SIGQUIT) received, shutting down
2023/07/18 15:53:38 [notice] 30#30: gracefully shutting down
2023/07/18 15:53:38 [notice] 31#31: gracefully shutting down
2023/07/18 15:53:38 [notice] 30#30: exiting
2023/07/18 15:53:38 [notice] 31#31: exiting
2023/07/18 15:53:38 [notice] 30#30: exit
2023/07/18 15:53:38 [notice] 31#31: exit
2023/07/18 15:53:38 [notice] 1#1: signal 17 (SIGCHLD) received from 30
2023/07/18 15:53:38 [notice] 1#1: worker process 30 exited with code 0
2023/07/18 15:53:38 [notice] 1#1: signal 29 (SIGIO) received
2023/07/18 15:53:38 [notice] 1#1: signal 17 (SIGCHLD) received from 31
2023/07/18 15:53:38 [notice] 1#1: worker process 31 exited with code 0
2023/07/18 15:53:38 [notice] 1#1: exit
2023/07/18 15:53:39 [notice] 1#1: using the "epoll" event method
2023/07/18 15:53:39 [notice] 1#1: nginx/1.24.0
2023/07/18 15:53:39 [notice] 1#1: built by gcc 12.2.1 20220924 (Alpine 12.2.1_git20220924-r4) 
2023/07/18 15:53:39 [notice] 1#1: OS: Linux 5.15.0-76-generic
2023/07/18 15:53:39 [notice] 1#1: getrlimit(RLIMIT_NOFILE): 1048576:1048576
2023/07/18 15:53:39 [notice] 1#1: start worker processes
2023/07/18 15:53:39 [notice] 1#1: start worker process 30
2023/07/18 15:53:39 [notice] 1#1: start worker process 31
2023/07/18 15:53:53 [notice] 1#1: signal 3 (SIGQUIT) received, shutting down
2023/07/18 15:53:53 [notice] 30#30: gracefully shutting down
2023/07/18 15:53:53 [notice] 31#31: gracefully shutting down
2023/07/18 15:53:53 [notice] 30#30: exiting
2023/07/18 15:53:53 [notice] 31#31: exiting
2023/07/18 15:53:53 [notice] 31#31: exit
2023/07/18 15:53:53 [notice] 30#30: exit
2023/07/18 15:53:53 [notice] 1#1: signal 17 (SIGCHLD) received from 31
2023/07/18 15:53:53 [notice] 1#1: worker process 30 exited with code 0
2023/07/18 15:53:53 [notice] 1#1: worker process 31 exited with code 0
2023/07/18 15:53:53 [notice] 1#1: exit
2023/07/18 15:53:53 [notice] 1#1: using the "epoll" event method
2023/07/18 15:53:53 [notice] 1#1: nginx/1.24.0
2023/07/18 15:53:53 [notice] 1#1: built by gcc 12.2.1 20220924 (Alpine 12.2.1_git20220924-r4) 
2023/07/18 15:53:53 [notice] 1#1: OS: Linux 5.15.0-76-generic
2023/07/18 15:53:53 [notice] 1#1: getrlimit(RLIMIT_NOFILE): 1048576:1048576
2023/07/18 15:53:53 [notice] 1#1: start worker processes
2023/07/18 15:53:53 [notice] 1#1: start worker process 29
2023/07/18 15:53:53 [notice] 1#1: start worker process 30
2023/07/18 15:54:23 [notice] 1#1: signal 3 (SIGQUIT) received, shutting down
2023/07/18 15:54:23 [notice] 29#29: gracefully shutting down
2023/07/18 15:54:23 [notice] 30#30: gracefully shutting down
2023/07/18 15:54:23 [notice] 29#29: exiting
2023/07/18 15:54:23 [notice] 30#30: exiting
2023/07/18 15:54:23 [notice] 29#29: exit
2023/07/18 15:54:23 [notice] 30#30: exit
2023/07/18 15:54:23 [notice] 1#1: signal 17 (SIGCHLD) received from 29
2023/07/18 15:54:23 [notice] 1#1: worker process 29 exited with code 0
2023/07/18 15:54:23 [notice] 1#1: worker process 30 exited with code 0
2023/07/18 15:54:23 [notice] 1#1: exit
2023/07/18 15:54:24 [notice] 1#1: using the "epoll" event method
2023/07/18 15:54:24 [notice] 1#1: nginx/1.24.0
2023/07/18 15:54:24 [notice] 1#1: built by gcc 12.2.1 20220924 (Alpine 12.2.1_git20220924-r4) 
2023/07/18 15:54:24 [notice] 1#1: OS: Linux 5.15.0-76-generic
2023/07/18 15:54:24 [notice] 1#1: getrlimit(RLIMIT_NOFILE): 1048576:1048576
2023/07/18 15:54:24 [notice] 1#1: start worker processes
2023/07/18 15:54:24 [notice] 1#1: start worker process 29
2023/07/18 15:54:24 [notice] 1#1: start worker process 30
2023/07/18 15:54:54 [notice] 1#1: signal 3 (SIGQUIT) received, shutting down
2023/07/18 15:54:54 [notice] 29#29: gracefully shutting down
2023/07/18 15:54:54 [notice] 30#30: gracefully shutting down
2023/07/18 15:54:54 [notice] 29#29: exiting
2023/07/18 15:54:54 [notice] 30#30: exiting
2023/07/18 15:54:54 [notice] 29#29: exit
2023/07/18 15:54:54 [notice] 30#30: exit
2023/07/18 15:54:54 [notice] 1#1: signal 17 (SIGCHLD) received from 29
2023/07/18 15:54:54 [notice] 1#1: worker process 29 exited with code 0
2023/07/18 15:54:54 [notice] 1#1: signal 29 (SIGIO) received
2023/07/18 15:54:54 [notice] 1#1: signal 17 (SIGCHLD) received from 30
2023/07/18 15:54:54 [notice] 1#1: worker process 30 exited with code 0
2023/07/18 15:54:54 [notice] 1#1: exit
2023/07/18 15:54:55 [notice] 1#1: using the "epoll" event method
2023/07/18 15:54:55 [notice] 1#1: nginx/1.24.0
2023/07/18 15:54:55 [notice] 1#1: built by gcc 12.2.1 20220924 (Alpine 12.2.1_git20220924-r4) 
2023/07/18 15:54:55 [notice] 1#1: OS: Linux 5.15.0-76-generic
2023/07/18 15:54:55 [notice] 1#1: getrlimit(RLIMIT_NOFILE): 1048576:1048576
2023/07/18 15:54:55 [notice] 1#1: start worker processes
2023/07/18 15:54:55 [notice] 1#1: start worker process 29
2023/07/18 15:54:55 [notice] 1#1: start worker process 30
2023/07/18 15:55:13 [notice] 1#1: signal 3 (SIGQUIT) received, shutting down
2023/07/18 15:55:13 [notice] 29#29: gracefully shutting down
2023/07/18 15:55:13 [notice] 29#29: exiting
2023/07/18 15:55:13 [notice] 29#29: exit
2023/07/18 15:55:13 [notice] 30#30: gracefully shutting down
2023/07/18 15:55:13 [notice] 30#30: exiting
2023/07/18 15:55:13 [notice] 30#30: exit
2023/07/18 15:55:13 [notice] 1#1: signal 17 (SIGCHLD) received from 29
2023/07/18 15:55:13 [notice] 1#1: worker process 29 exited with code 0
2023/07/18 15:55:13 [notice] 1#1: worker process 30 exited with code 0
2023/07/18 15:55:13 [notice] 1#1: exit
2023/07/18 15:55:13 [notice] 1#1: using the "epoll" event method
2023/07/18 15:55:13 [notice] 1#1: nginx/1.24.0
2023/07/18 15:55:13 [notice] 1#1: built by gcc 12.2.1 20220924 (Alpine 12.2.1_git20220924-r4) 
2023/07/18 15:55:13 [notice] 1#1: OS: Linux 5.15.0-76-generic
2023/07/18 15:55:13 [notice] 1#1: getrlimit(RLIMIT_NOFILE): 1048576:1048576
2023/07/18 15:55:13 [notice] 1#1: start worker processes
2023/07/18 15:55:13 [notice] 1#1: start worker process 29
2023/07/18 15:55:13 [notice] 1#1: start worker process 30
2023/07/18 15:56:20 [notice] 1#1: signal 3 (SIGQUIT) received, shutting down
2023/07/18 15:56:20 [notice] 29#29: gracefully shutting down
2023/07/18 15:56:20 [notice] 29#29: exiting
2023/07/18 15:56:20 [notice] 30#30: gracefully shutting down
2023/07/18 15:56:20 [notice] 30#30: exiting
2023/07/18 15:56:20 [notice] 29#29: exit
2023/07/18 15:56:20 [notice] 30#30: exit
2023/07/18 15:56:20 [notice] 1#1: signal 17 (SIGCHLD) received from 29
2023/07/18 15:56:20 [notice] 1#1: worker process 29 exited with code 0
2023/07/18 15:56:20 [notice] 1#1: signal 29 (SIGIO) received
2023/07/18 15:56:20 [notice] 1#1: signal 17 (SIGCHLD) received from 30
2023/07/18 15:56:20 [notice] 1#1: worker process 30 exited with code 0
2023/07/18 15:56:20 [notice] 1#1: exit
2023/07/18 15:56:21 [notice] 1#1: using the "epoll" event method
2023/07/18 15:56:21 [notice] 1#1: nginx/1.24.0
2023/07/18 15:56:21 [notice] 1#1: built by gcc 12.2.1 20220924 (Alpine 12.2.1_git20220924-r4) 
2023/07/18 15:56:21 [notice] 1#1: OS: Linux 5.15.0-76-generic
2023/07/18 15:56:21 [notice] 1#1: getrlimit(RLIMIT_NOFILE): 1048576:1048576
2023/07/18 15:56:21 [notice] 1#1: start worker processes
2023/07/18 15:56:21 [notice] 1#1: start worker process 29
2023/07/18 15:56:21 [notice] 1#1: start worker process 30
2023/07/18 15:57:25 [notice] 1#1: signal 3 (SIGQUIT) received, shutting down
2023/07/18 15:57:25 [notice] 29#29: gracefully shutting down
2023/07/18 15:57:25 [notice] 30#30: gracefully shutting down
2023/07/18 15:57:25 [notice] 29#29: exiting
2023/07/18 15:57:25 [notice] 30#30: exiting
2023/07/18 15:57:25 [notice] 29#29: exit
2023/07/18 15:57:25 [notice] 30#30: exit
2023/07/18 15:57:25 [notice] 1#1: signal 17 (SIGCHLD) received from 29
2023/07/18 15:57:25 [notice] 1#1: worker process 29 exited with code 0
2023/07/18 15:57:25 [notice] 1#1: signal 29 (SIGIO) received
2023/07/18 15:57:25 [notice] 1#1: signal 17 (SIGCHLD) received from 30
2023/07/18 15:57:25 [notice] 1#1: worker process 30 exited with code 0
2023/07/18 15:57:25 [notice] 1#1: exit
2023/07/18 15:57:30 [notice] 1#1: using the "epoll" event method
2023/07/18 15:57:30 [notice] 1#1: nginx/1.24.0
2023/07/18 15:57:30 [notice] 1#1: built by gcc 12.2.1 20220924 (Alpine 12.2.1_git20220924-r4) 
2023/07/18 15:57:30 [notice] 1#1: OS: Linux 5.15.0-76-generic
2023/07/18 15:57:30 [notice] 1#1: getrlimit(RLIMIT_NOFILE): 1048576:1048576
2023/07/18 15:57:30 [notice] 1#1: start worker processes
2023/07/18 15:57:30 [notice] 1#1: start worker process 30
2023/07/18 15:57:30 [notice] 1#1: start worker process 31
2023/07/18 15:57:48 [notice] 1#1: signal 3 (SIGQUIT) received, shutting down
2023/07/18 15:57:48 [notice] 30#30: gracefully shutting down
2023/07/18 15:57:48 [notice] 31#31: gracefully shutting down
2023/07/18 15:57:48 [notice] 31#31: exiting
2023/07/18 15:57:48 [notice] 30#30: exiting
2023/07/18 15:57:48 [notice] 31#31: exit
2023/07/18 15:57:48 [notice] 30#30: exit
2023/07/18 15:57:48 [notice] 1#1: signal 17 (SIGCHLD) received from 30
2023/07/18 15:57:48 [notice] 1#1: worker process 30 exited with code 0
2023/07/18 15:57:48 [notice] 1#1: signal 29 (SIGIO) received
2023/07/18 15:57:48 [notice] 1#1: signal 17 (SIGCHLD) received from 31
2023/07/18 15:57:48 [notice] 1#1: worker process 31 exited with code 0
2023/07/18 15:57:48 [notice] 1#1: exit
2023/07/18 15:57:49 [notice] 1#1: using the "epoll" event method
2023/07/18 15:57:49 [notice] 1#1: nginx/1.24.0
2023/07/18 15:57:49 [notice] 1#1: built by gcc 12.2.1 20220924 (Alpine 12.2.1_git20220924-r4) 
2023/07/18 15:57:49 [notice] 1#1: OS: Linux 5.15.0-76-generic
2023/07/18 15:57:49 [notice] 1#1: getrlimit(RLIMIT_NOFILE): 1048576:1048576
2023/07/18 15:57:49 [notice] 1#1: start worker processes
2023/07/18 15:57:49 [notice] 1#1: start worker process 29
2023/07/18 15:57:49 [notice] 1#1: start worker process 30
2023/07/18 16:00:43 [notice] 1#1: signal 3 (SIGQUIT) received, shutting down
2023/07/18 16:00:43 [notice] 29#29: gracefully shutting down
2023/07/18 16:00:43 [notice] 30#30: gracefully shutting down
2023/07/18 16:00:43 [notice] 29#29: exiting
2023/07/18 16:00:43 [notice] 30#30: exiting
2023/07/18 16:00:43 [notice] 30#30: exit
2023/07/18 16:00:43 [notice] 29#29: exit
2023/07/18 16:00:43 [notice] 1#1: signal 17 (SIGCHLD) received from 29
2023/07/18 16:00:43 [notice] 1#1: worker process 29 exited with code 0
2023/07/18 16:00:43 [notice] 1#1: worker process 30 exited with code 0
2023/07/18 16:00:43 [notice] 1#1: exit
2023/07/18 16:00:44 [notice] 1#1: using the "epoll" event method
2023/07/18 16:00:44 [notice] 1#1: nginx/1.24.0
2023/07/18 16:00:44 [notice] 1#1: built by gcc 12.2.1 20220924 (Alpine 12.2.1_git20220924-r4) 
2023/07/18 16:00:44 [notice] 1#1: OS: Linux 5.15.0-76-generic
2023/07/18 16:00:44 [notice] 1#1: getrlimit(RLIMIT_NOFILE): 1048576:1048576
2023/07/18 16:00:44 [notice] 1#1: start worker processes
2023/07/18 16:00:44 [notice] 1#1: start worker process 29
2023/07/18 16:00:44 [notice] 1#1: start worker process 30
2023/07/18 16:01:38 [notice] 1#1: signal 3 (SIGQUIT) received, shutting down
2023/07/18 16:01:38 [notice] 29#29: gracefully shutting down
2023/07/18 16:01:38 [notice] 30#30: gracefully shutting down
2023/07/18 16:01:38 [notice] 29#29: exiting
2023/07/18 16:01:38 [notice] 30#30: exiting
2023/07/18 16:01:38 [notice] 30#30: exit
2023/07/18 16:01:38 [notice] 29#29: exit
2023/07/18 16:01:38 [notice] 1#1: signal 17 (SIGCHLD) received from 30
2023/07/18 16:01:38 [notice] 1#1: worker process 30 exited with code 0
2023/07/18 16:01:38 [notice] 1#1: signal 29 (SIGIO) received
2023/07/18 16:01:38 [notice] 1#1: signal 17 (SIGCHLD) received from 29
2023/07/18 16:01:38 [notice] 1#1: worker process 29 exited with code 0
2023/07/18 16:01:38 [notice] 1#1: exit
2023/07/18 16:01:39 [notice] 1#1: using the "epoll" event method
2023/07/18 16:01:39 [notice] 1#1: nginx/1.24.0
2023/07/18 16:01:39 [notice] 1#1: built by gcc 12.2.1 20220924 (Alpine 12.2.1_git20220924-r4) 
2023/07/18 16:01:39 [notice] 1#1: OS: Linux 5.15.0-76-generic
2023/07/18 16:01:39 [notice] 1#1: getrlimit(RLIMIT_NOFILE): 1048576:1048576
2023/07/18 16:01:39 [notice] 1#1: start worker processes
2023/07/18 16:01:39 [notice] 1#1: start worker process 29
2023/07/18 16:01:39 [notice] 1#1: start worker process 30
2023/07/18 16:02:12 [notice] 1#1: signal 3 (SIGQUIT) received, shutting down
2023/07/18 16:02:12 [notice] 29#29: gracefully shutting down
2023/07/18 16:02:12 [notice] 30#30: gracefully shutting down
2023/07/18 16:02:12 [notice] 30#30: exiting
2023/07/18 16:02:12 [notice] 30#30: exit
2023/07/18 16:02:12 [notice] 1#1: signal 17 (SIGCHLD) received from 30
2023/07/18 16:02:12 [notice] 1#1: worker process 30 exited with code 0
2023/07/18 16:02:12 [notice] 1#1: signal 29 (SIGIO) received
2023/07/18 16:02:14 [notice] 29#29: exiting
2023/07/18 16:02:14 [notice] 29#29: exit
2023/07/18 16:02:14 [notice] 1#1: signal 17 (SIGCHLD) received from 29
2023/07/18 16:02:14 [notice] 1#1: worker process 29 exited with code 0
2023/07/18 16:02:14 [notice] 1#1: exit
2023/07/18 16:02:14 [notice] 1#1: using the "epoll" event method
2023/07/18 16:02:14 [notice] 1#1: nginx/1.24.0
2023/07/18 16:02:14 [notice] 1#1: built by gcc 12.2.1 20220924 (Alpine 12.2.1_git20220924-r4) 
2023/07/18 16:02:14 [notice] 1#1: OS: Linux 5.15.0-76-generic
2023/07/18 16:02:14 [notice] 1#1: getrlimit(RLIMIT_NOFILE): 1048576:1048576
2023/07/18 16:02:14 [notice] 1#1: start worker processes
2023/07/18 16:02:14 [notice] 1#1: start worker process 29
2023/07/18 16:02:14 [notice] 1#1: start worker process 30
2023/07/19 11:54:58 [notice] 1#1: signal 3 (SIGQUIT) received, shutting down
2023/07/19 11:54:58 [notice] 29#29: gracefully shutting down
2023/07/19 11:54:58 [notice] 30#30: gracefully shutting down
2023/07/19 11:55:09 [notice] 1#1: using the "epoll" event method
2023/07/19 11:55:09 [notice] 1#1: nginx/1.24.0
2023/07/19 11:55:09 [notice] 1#1: built by gcc 12.2.1 20220924 (Alpine 12.2.1_git20220924-r4) 
2023/07/19 11:55:09 [notice] 1#1: OS: Linux 5.15.0-76-generic
2023/07/19 11:55:09 [notice] 1#1: getrlimit(RLIMIT_NOFILE): 1048576:1048576
2023/07/19 11:55:09 [notice] 1#1: start worker processes
2023/07/19 11:55:09 [notice] 1#1: start worker process 28
2023/07/19 11:55:09 [notice] 1#1: start worker process 29
2023/07/19 11:55:09 [notice] 1#1: signal 3 (SIGQUIT) received, shutting down
2023/07/19 11:55:09 [notice] 29#29: gracefully shutting down
2023/07/19 11:55:09 [notice] 29#29: exiting
2023/07/19 11:55:09 [notice] 28#28: gracefully shutting down
2023/07/19 11:55:09 [notice] 28#28: exiting
2023/07/19 11:55:09 [notice] 29#29: exit
2023/07/19 11:55:09 [notice] 28#28: exit
2023/07/19 11:55:09 [notice] 1#1: signal 17 (SIGCHLD) received from 29
2023/07/19 11:55:09 [notice] 1#1: worker process 29 exited with code 0
2023/07/19 11:55:09 [notice] 1#1: signal 29 (SIGIO) received
2023/07/19 11:55:09 [notice] 1#1: signal 17 (SIGCHLD) received from 28
2023/07/19 11:55:09 [notice] 1#1: worker process 28 exited with code 0
2023/07/19 11:55:09 [notice] 1#1: exit
2023/07/19 11:56:01 [notice] 1#1: using the "epoll" event method
2023/07/19 11:56:01 [notice] 1#1: nginx/1.24.0
2023/07/19 11:56:01 [notice] 1#1: built by gcc 12.2.1 20220924 (Alpine 12.2.1_git20220924-r4) 
2023/07/19 11:56:01 [notice] 1#1: OS: Linux 5.15.0-76-generic
2023/07/19 11:56:01 [notice] 1#1: getrlimit(RLIMIT_NOFILE): 1048576:1048576
2023/07/19 11:56:01 [notice] 1#1: start worker processes
2023/07/19 11:56:01 [notice] 1#1: start worker process 29
2023/07/19 11:56:01 [notice] 1#1: start worker process 30
2023/07/19 11:57:22 [notice] 1#1: signal 3 (SIGQUIT) received, shutting down
2023/07/19 11:57:22 [notice] 30#30: gracefully shutting down
2023/07/19 11:57:22 [notice] 29#29: gracefully shutting down
2023/07/19 11:57:33 [notice] 1#1: using the "epoll" event method
2023/07/19 11:57:33 [notice] 1#1: nginx/1.24.0
2023/07/19 11:57:33 [notice] 1#1: built by gcc 12.2.1 20220924 (Alpine 12.2.1_git20220924-r4) 
2023/07/19 11:57:33 [notice] 1#1: OS: Linux 5.15.0-76-generic
2023/07/19 11:57:33 [notice] 1#1: getrlimit(RLIMIT_NOFILE): 1048576:1048576
2023/07/19 11:57:33 [notice] 1#1: start worker processes
2023/07/19 11:57:33 [notice] 1#1: start worker process 29
2023/07/19 11:57:33 [notice] 1#1: start worker process 30
2023/07/21 06:25:01 [notice] 1#1: signal 3 (SIGQUIT) received, shutting down
2023/07/21 06:25:01 [notice] 29#29: gracefully shutting down
2023/07/21 06:25:01 [notice] 30#30: gracefully shutting down
2023/07/21 06:25:11 [notice] 30#30: exiting
2023/07/21 06:25:11 [notice] 29#29: exiting
2023/07/21 06:25:11 [notice] 30#30: exit
2023/07/21 06:25:11 [notice] 29#29: exit
2023/07/21 06:28:06 [notice] 1#1: using the "epoll" event method
2023/07/21 06:28:06 [notice] 1#1: nginx/1.24.0
2023/07/21 06:28:06 [notice] 1#1: built by gcc 12.2.1 20220924 (Alpine 12.2.1_git20220924-r4) 
2023/07/21 06:28:06 [notice] 1#1: OS: Linux 5.15.0-76-generic
2023/07/21 06:28:06 [notice] 1#1: getrlimit(RLIMIT_NOFILE): 1048576:1048576
2023/07/21 06:28:06 [notice] 1#1: start worker processes
2023/07/21 06:28:06 [notice] 1#1: start worker process 29
2023/07/21 06:28:06 [notice] 1#1: start worker process 30
2023/07/21 06:32:03 [notice] 1#1: signal 3 (SIGQUIT) received, shutting down
2023/07/21 06:32:03 [notice] 30#30: gracefully shutting down
2023/07/21 06:32:03 [notice] 29#29: gracefully shutting down
2023/07/21 06:34:54 [notice] 1#1: using the "epoll" event method
2023/07/21 06:34:54 [notice] 1#1: nginx/1.24.0
2023/07/21 06:34:54 [notice] 1#1: built by gcc 12.2.1 20220924 (Alpine 12.2.1_git20220924-r4) 
2023/07/21 06:34:54 [notice] 1#1: OS: Linux 5.15.0-76-generic
2023/07/21 06:34:54 [notice] 1#1: getrlimit(RLIMIT_NOFILE): 1048576:1048576
2023/07/21 06:34:54 [notice] 1#1: start worker processes
2023/07/21 06:34:54 [notice] 1#1: start worker process 28
2023/07/21 06:34:54 [notice] 1#1: start worker process 29
2023/07/21 06:48:59 [notice] 1#1: signal 3 (SIGQUIT) received, shutting down
2023/07/21 06:48:59 [notice] 28#28: gracefully shutting down
2023/07/21 06:48:59 [notice] 29#29: gracefully shutting down
2023/07/21 06:49:00 [notice] 28#28: exiting
2023/07/21 06:49:00 [notice] 28#28: exit
2023/07/21 06:49:00 [notice] 29#29: exiting
2023/07/21 06:49:00 [notice] 29#29: exit
2023/07/21 06:50:55 [notice] 1#1: using the "epoll" event method
2023/07/21 06:50:55 [notice] 1#1: nginx/1.24.0
2023/07/21 06:50:55 [notice] 1#1: built by gcc 12.2.1 20220924 (Alpine 12.2.1_git20220924-r4) 
2023/07/21 06:50:55 [notice] 1#1: OS: Linux 5.15.0-76-generic
2023/07/21 06:50:55 [notice] 1#1: getrlimit(RLIMIT_NOFILE): 1048576:1048576
2023/07/21 06:50:55 [notice] 1#1: start worker processes
2023/07/21 06:50:55 [notice] 1#1: start worker process 30
2023/07/21 06:50:55 [notice] 1#1: start worker process 31
2023/07/21 06:58:36 [notice] 1#1: signal 3 (SIGQUIT) received, shutting down
2023/07/21 06:58:36 [notice] 31#31: gracefully shutting down
2023/07/21 06:58:36 [notice] 30#30: gracefully shutting down
2023/07/21 06:58:54 [notice] 1#1: using the "epoll" event method
2023/07/21 06:58:54 [notice] 1#1: nginx/1.24.0
2023/07/21 06:58:54 [notice] 1#1: built by gcc 12.2.1 20220924 (Alpine 12.2.1_git20220924-r4) 
2023/07/21 06:58:54 [notice] 1#1: OS: Linux 5.15.0-76-generic
2023/07/21 06:58:54 [notice] 1#1: getrlimit(RLIMIT_NOFILE): 1048576:1048576
2023/07/21 06:58:54 [notice] 1#1: start worker processes
2023/07/21 06:58:54 [notice] 1#1: start worker process 30
2023/07/21 06:58:54 [notice] 1#1: start worker process 31
2023/07/21 07:35:08 [notice] 1#1: signal 3 (SIGQUIT) received, shutting down
2023/07/21 07:35:08 [notice] 30#30: gracefully shutting down
2023/07/21 07:35:08 [notice] 31#31: gracefully shutting down
2023/07/21 07:35:08 [notice] 30#30: exiting
2023/07/21 07:35:08 [notice] 30#30: exit
2023/07/21 07:35:08 [notice] 31#31: exiting
2023/07/21 07:35:08 [notice] 31#31: exit
2023/07/21 07:35:22 [notice] 1#1: using the "epoll" event method
2023/07/21 07:35:22 [notice] 1#1: nginx/1.24.0
2023/07/21 07:35:22 [notice] 1#1: built by gcc 12.2.1 20220924 (Alpine 12.2.1_git20220924-r4) 
2023/07/21 07:35:22 [notice] 1#1: OS: Linux 5.15.0-76-generic
2023/07/21 07:35:22 [notice] 1#1: getrlimit(RLIMIT_NOFILE): 1048576:1048576
2023/07/21 07:35:22 [notice] 1#1: start worker processes
2023/07/21 07:35:22 [notice] 1#1: start worker process 29
2023/07/21 07:35:22 [notice] 1#1: start worker process 30
2023/07/21 09:23:59 [notice] 1#1: signal 3 (SIGQUIT) received, shutting down
2023/07/21 09:23:59 [notice] 29#29: gracefully shutting down
2023/07/21 09:23:59 [notice] 30#30: gracefully shutting down
2023/07/21 09:24:19 [notice] 1#1: using the "epoll" event method
2023/07/21 09:24:19 [notice] 1#1: nginx/1.24.0
2023/07/21 09:24:19 [notice] 1#1: built by gcc 12.2.1 20220924 (Alpine 12.2.1_git20220924-r4) 
2023/07/21 09:24:19 [notice] 1#1: OS: Linux 5.15.0-76-generic
2023/07/21 09:24:19 [notice] 1#1: getrlimit(RLIMIT_NOFILE): 1048576:1048576
2023/07/21 09:24:19 [notice] 1#1: start worker processes
2023/07/21 09:24:19 [notice] 1#1: start worker process 29
2023/07/21 09:24:19 [notice] 1#1: start worker process 30
2023/07/24 14:24:34 [notice] 1#1: signal 3 (SIGQUIT) received, shutting down
2023/07/24 14:24:34 [notice] 29#29: gracefully shutting down
2023/07/24 14:24:34 [notice] 30#30: gracefully shutting down
2023/07/24 14:24:34 [notice] 29#29: exiting
2023/07/24 14:24:34 [notice] 29#29: exit
2023/07/24 14:24:34 [notice] 1#1: signal 17 (SIGCHLD) received from 29
2023/07/24 14:24:34 [notice] 1#1: worker process 29 exited with code 0
2023/07/24 14:24:34 [notice] 1#1: signal 29 (SIGIO) received
2023/07/24 15:52:28 [notice] 1#1: using the "epoll" event method
2023/07/24 15:52:28 [notice] 1#1: nginx/1.24.0
2023/07/24 15:52:28 [notice] 1#1: built by gcc 12.2.1 20220924 (Alpine 12.2.1_git20220924-r4) 
2023/07/24 15:52:28 [notice] 1#1: OS: Linux 5.15.0-76-generic
2023/07/24 15:52:28 [notice] 1#1: getrlimit(RLIMIT_NOFILE): 1048576:1048576
2023/07/24 15:52:28 [notice] 1#1: start worker processes
2023/07/24 15:52:28 [notice] 1#1: start worker process 28
2023/07/24 15:52:28 [notice] 1#1: start worker process 29
2023/07/25 12:45:01 [notice] 1#1: signal 3 (SIGQUIT) received, shutting down
2023/07/25 12:45:01 [notice] 29#29: gracefully shutting down
2023/07/25 12:45:01 [notice] 28#28: gracefully shutting down
2023/07/25 12:45:06 [notice] 1#1: signal 3 (SIGQUIT) received, shutting down
2023/07/25 12:45:11 [notice] 1#1: signal 3 (SIGQUIT) received, shutting down
2023/07/25 12:45:39 [emerg] 1#1: host not found in upstream "php82-service" in /etc/nginx/conf.d/default.conf:13
2023/07/25 12:46:43 [notice] 1#1: using the "epoll" event method
2023/07/25 12:46:43 [notice] 1#1: nginx/1.24.0
2023/07/25 12:46:43 [notice] 1#1: built by gcc 12.2.1 20220924 (Alpine 12.2.1_git20220924-r4) 
2023/07/25 12:46:43 [notice] 1#1: OS: Linux 5.15.0-76-generic
2023/07/25 12:46:43 [notice] 1#1: getrlimit(RLIMIT_NOFILE): 1048576:1048576
2023/07/25 12:46:43 [notice] 1#1: start worker processes
2023/07/25 12:46:43 [notice] 1#1: start worker process 30
2023/07/25 12:46:43 [notice] 1#1: start worker process 31
2023/07/25 12:48:28 [notice] 1#1: signal 3 (SIGQUIT) received, shutting down
2023/07/25 12:48:28 [notice] 31#31: gracefully shutting down
2023/07/25 12:48:28 [notice] 30#30: gracefully shutting down
2023/07/25 12:48:53 [emerg] 1#1: host not found in upstream "php82-service" in /etc/nginx/conf.d/default.conf:13
2023/07/25 12:52:21 [emerg] 1#1: host not found in upstream "php82-service" in /etc/nginx/conf.d/default.conf:13
2023/07/25 12:53:07 [notice] 1#1: using the "epoll" event method
2023/07/25 12:53:07 [notice] 1#1: nginx/1.24.0
2023/07/25 12:53:07 [notice] 1#1: built by gcc 12.2.1 20220924 (Alpine 12.2.1_git20220924-r4) 
2023/07/25 12:53:07 [notice] 1#1: OS: Linux 5.15.0-76-generic
2023/07/25 12:53:07 [notice] 1#1: getrlimit(RLIMIT_NOFILE): 1048576:1048576
2023/07/25 12:53:07 [notice] 1#1: start worker processes
2023/07/25 12:53:07 [notice] 1#1: start worker process 29
2023/07/25 12:53:07 [notice] 1#1: start worker process 30
2023/07/25 12:57:59 [notice] 1#1: signal 3 (SIGQUIT) received, shutting down
2023/07/25 12:57:59 [notice] 29#29: gracefully shutting down
2023/07/25 12:57:59 [notice] 30#30: gracefully shutting down
2023/07/25 12:58:54 [notice] 1#1: using the "epoll" event method
2023/07/25 12:58:54 [notice] 1#1: nginx/1.24.0
2023/07/25 12:58:54 [notice] 1#1: built by gcc 12.2.1 20220924 (Alpine 12.2.1_git20220924-r4) 
2023/07/25 12:58:54 [notice] 1#1: OS: Linux 5.15.0-76-generic
2023/07/25 12:58:54 [notice] 1#1: getrlimit(RLIMIT_NOFILE): 1048576:1048576
2023/07/25 12:58:54 [notice] 1#1: start worker processes
2023/07/25 12:58:54 [notice] 1#1: start worker process 29
2023/07/25 12:58:54 [notice] 1#1: start worker process 30
2023/07/25 13:03:13 [notice] 1#1: signal 3 (SIGQUIT) received, shutting down
2023/07/25 13:03:13 [notice] 29#29: gracefully shutting down
2023/07/25 13:03:13 [notice] 30#30: gracefully shutting down
2023/07/25 13:06:27 [notice] 1#1: using the "epoll" event method
2023/07/25 13:06:27 [notice] 1#1: nginx/1.24.0
2023/07/25 13:06:27 [notice] 1#1: built by gcc 12.2.1 20220924 (Alpine 12.2.1_git20220924-r4) 
2023/07/25 13:06:27 [notice] 1#1: OS: Linux 5.15.0-76-generic
2023/07/25 13:06:27 [notice] 1#1: getrlimit(RLIMIT_NOFILE): 1048576:1048576
2023/07/25 13:06:27 [notice] 1#1: start worker processes
2023/07/25 13:06:27 [notice] 1#1: start worker process 29
2023/07/25 13:06:27 [notice] 1#1: start worker process 30
2023/07/25 13:07:47 [notice] 1#1: signal 3 (SIGQUIT) received, shutting down
2023/07/25 13:07:47 [notice] 30#30: gracefully shutting down
2023/07/25 13:07:47 [notice] 29#29: gracefully shutting down
2023/07/25 13:09:21 [notice] 1#1: using the "epoll" event method
2023/07/25 13:09:21 [notice] 1#1: nginx/1.24.0
2023/07/25 13:09:21 [notice] 1#1: built by gcc 12.2.1 20220924 (Alpine 12.2.1_git20220924-r4) 
2023/07/25 13:09:21 [notice] 1#1: OS: Linux 5.15.0-76-generic
2023/07/25 13:09:21 [notice] 1#1: getrlimit(RLIMIT_NOFILE): 1048576:1048576
2023/07/25 13:09:21 [notice] 1#1: start worker processes
2023/07/25 13:09:21 [notice] 1#1: start worker process 29
2023/07/25 13:09:21 [notice] 1#1: start worker process 30
2023/07/25 13:11:34 [notice] 1#1: signal 3 (SIGQUIT) received, shutting down
2023/07/25 13:11:34 [notice] 29#29: gracefully shutting down
2023/07/25 13:11:34 [notice] 30#30: gracefully shutting down
2023/07/25 13:13:29 [notice] 1#1: using the "epoll" event method
2023/07/25 13:13:29 [notice] 1#1: nginx/1.24.0
2023/07/25 13:13:29 [notice] 1#1: built by gcc 12.2.1 20220924 (Alpine 12.2.1_git20220924-r4) 
2023/07/25 13:13:29 [notice] 1#1: OS: Linux 5.15.0-76-generic
2023/07/25 13:13:29 [notice] 1#1: getrlimit(RLIMIT_NOFILE): 1048576:1048576
2023/07/25 13:13:29 [notice] 1#1: start worker processes
2023/07/25 13:13:29 [notice] 1#1: start worker process 29
2023/07/25 13:13:29 [notice] 1#1: start worker process 30
2023/07/25 13:14:05 [notice] 1#1: signal 3 (SIGQUIT) received, shutting down
2023/07/25 13:14:05 [notice] 29#29: gracefully shutting down
2023/07/25 13:14:05 [notice] 30#30: gracefully shutting down
2023/07/25 13:15:01 [notice] 1#1: using the "epoll" event method
2023/07/25 13:15:01 [notice] 1#1: nginx/1.24.0
2023/07/25 13:15:01 [notice] 1#1: built by gcc 12.2.1 20220924 (Alpine 12.2.1_git20220924-r4) 
2023/07/25 13:15:01 [notice] 1#1: OS: Linux 5.15.0-76-generic
2023/07/25 13:15:01 [notice] 1#1: getrlimit(RLIMIT_NOFILE): 1048576:1048576
2023/07/25 13:15:01 [notice] 1#1: start worker processes
2023/07/25 13:15:01 [notice] 1#1: start worker process 28
2023/07/25 13:15:01 [notice] 1#1: start worker process 29
